0 info it worked if it ends with ok
1 verbose cli [ '/usr/bin/node', '/usr/bin/npm', 'run', 'test' ]
2 info using npm@3.5.2
3 info using node@v8.10.0
4 verbose run-script [ 'pretest', 'test', 'posttest' ]
5 info lifecycle Visualizing_Air_Pollution_PM25@1.0.0~pretest: Visualizing_Air_Pollution_PM25@1.0.0
6 silly lifecycle Visualizing_Air_Pollution_PM25@1.0.0~pretest: no script for pretest, continuing
7 info lifecycle Visualizing_Air_Pollution_PM25@1.0.0~test: Visualizing_Air_Pollution_PM25@1.0.0
8 verbose lifecycle Visualizing_Air_Pollution_PM25@1.0.0~test: unsafe-perm in lifecycle true
9 verbose lifecycle Visualizing_Air_Pollution_PM25@1.0.0~test: PATH: /usr/share/npm/bin/node-gyp-bin:/mnt/c/Users/thana/Desktop/big/comsci/componant/Visualizing_Air_Pollution_PM25/node_modules/.bin:/usr/local/sbin:/usr/local/bin:/usr/sbin:/usr/bin:/sbin:/bin:/usr/games:/usr/local/games:/mnt/c/Program Files (x86)/NVIDIA Corporation/PhysX/Common:/mnt/c/Program Files (x86)/Common Files/Oracle/Java/javapath:/mnt/c/Program Files (x86)/Razer Chroma SDK/bin:/mnt/c/Program Files/Razer Chroma SDK/bin:/mnt/c/Program Files (x86)/Razer/ChromaBroadcast/bin:/mnt/c/Program Files/Razer/ChromaBroadcast/bin:/mnt/c/WINDOWS/system32:/mnt/c/WINDOWS:/mnt/c/WINDOWS/System32/Wbem:/mnt/c/WINDOWS/System32/WindowsPowerShell/v1.0/:/mnt/c/WINDOWS/System32/OpenSSH/:/mnt/c/Program Files/NVIDIA Corporation/NVIDIA NvDLISR:/mnt/c/Users/thana/AppData/Local/Microsoft/WindowsApps:/mnt/c/Program Files/Git/cmd:/mnt/c/WINDOWS/system32:/mnt/c/WINDOWS:/mnt/c/WINDOWS/System32/Wbem:/mnt/c/WINDOWS/System32/WindowsPowerShell/v1.0/:/mnt/c/WINDOWS/System32/OpenSSH/:/mnt/c/Program Files/dotnet/:/mnt/c/Program Files/Microsoft SQL Server/130/Tools/Binn/:/mnt/c/Program Files/Microsoft SQL Server/Client SDK/ODBC/170/Tools/Binn/:/mnt/c/Program Files/Java/jdk1.8.0_241/bin:/mnt/c/Program Files/Java/apache-maven-3.6.3/bin:/mnt/c/Program Files/Microsoft SQL Server/Client SDK/ODBC/110/Tools/Binn/:/mnt/c/Program Files (x86)/Microsoft SQL Server/120/Tools/Binn/:/mnt/c/Program Files/Microsoft SQL Server/120/Tools/Binn/:/mnt/c/Program Files/Microsoft SQL Server/120/DTS/Binn/:/mnt/c/Program Files (x86)/Microsoft SQL Server/120/Tools/Binn/ManagementStudio/:/mnt/c/Program Files (x86)/Microsoft SQL Server/120/DTS/Binn/:/mnt/c/Users/thana/AppData/Local/Microsoft/WindowsApps:/mnt/c/Users/thana/AppData/Local/Programs/Microsoft VS Code/bin:/mnt/c/Users/thana/AppData/Local/GitHubDesktop/bin:/mnt/c/Users/thana/AppData/Local/Microsoft/WindowsApps:/mnt/c/Users/thana/.dotnet/tools:/snap/bin:/usr/local/go/bin:/home/delta/Go/bin
10 verbose lifecycle Visualizing_Air_Pollution_PM25@1.0.0~test: CWD: /mnt/c/Users/thana/Desktop/big/comsci/componant/Visualizing_Air_Pollution_PM25
11 silly lifecycle Visualizing_Air_Pollution_PM25@1.0.0~test: Args: [ '-c', 'echo "Error: no test specified" && exit 1' ]
12 silly lifecycle Visualizing_Air_Pollution_PM25@1.0.0~test: Returned: code: 1  signal: null
13 info lifecycle Visualizing_Air_Pollution_PM25@1.0.0~test: Failed to exec test script
14 verbose stack Error: Visualizing_Air_Pollution_PM25@1.0.0 test: `echo "Error: no test specified" && exit 1`
14 verbose stack Exit status 1
14 verbose stack     at EventEmitter.<anonymous> (/usr/share/npm/lib/utils/lifecycle.js:232:16)
14 verbose stack     at emitTwo (events.js:126:13)
14 verbose stack     at EventEmitter.emit (events.js:214:7)
14 verbose stack     at ChildProcess.<anonymous> (/usr/share/npm/lib/utils/spawn.js:24:14)
14 verbose stack     at emitTwo (events.js:126:13)
14 verbose stack     at ChildProcess.emit (events.js:214:7)
14 verbose stack     at maybeClose (internal/child_process.js:925:16)
14 verbose stack     at Process.ChildProcess._handle.onexit (internal/child_process.js:209:5)
15 verbose pkgid Visualizing_Air_Pollution_PM25@1.0.0
16 verbose cwd /mnt/c/Users/thana/Desktop/big/comsci/componant/Visualizing_Air_Pollution_PM25
17 error Linux 4.4.0-19041-Microsoft
18 error argv "/usr/bin/node" "/usr/bin/npm" "run" "test"
19 error node v8.10.0
20 error npm  v3.5.2
21 error code ELIFECYCLE
22 error Visualizing_Air_Pollution_PM25@1.0.0 test: `echo "Error: no test specified" && exit 1`
22 error Exit status 1
23 error Failed at the Visualizing_Air_Pollution_PM25@1.0.0 test script 'echo "Error: no test specified" && exit 1'.
23 error Make sure you have the latest version of node.js and npm installed.
23 error If you do, this is most likely a problem with the Visualizing_Air_Pollution_PM25 package,
23 error not with npm itself.
23 error Tell the author that this fails on your system:
23 error     echo "Error: no test specified" && exit 1
23 error You can get information on how to open an issue for this project with:
23 error     npm bugs Visualizing_Air_Pollution_PM25
23 error Or if that isn't available, you can get their info via:
23 error     npm owner ls Visualizing_Air_Pollution_PM25
23 error There is likely additional logging output above.
24 verbose exit [ 1, true ]
